<?xml version="1.0" encoding="UTF-8"?>
<!-- Generated by org.testng.reporters.JUnitXMLReporter -->
<testsuite ignored="0" hostname="Sujal" failures="1" tests="4" name="Default test" time="98.826" errors="0" timestamp="09 Dec 2018 23:18:29 GMT">
  <testcase classname="com.testng.practise.edurekhs.testNGGroup" name="login" time="13.964"/>
  <testcase classname="com.testng.practise.edurekhs.testNGGroup" name="signon" time="0.0">
    <failure type="org.testng.TestNGException" message="
Parameter &amp;apos;firstn&amp;apos; is required by @Test on method signon but has not been marked @Optional or defined
in C:\Users\Poornesh\AppData\Local\Temp\testng-eclipse--1530007641\testng-customsuite.xml">
      <![CDATA[org.testng.TestNGException: 
Parameter 'firstn' is required by @Test on method signon but has not been marked @Optional or defined
in C:\Users\Poornesh\AppData\Local\Temp\testng-eclipse--1530007641\testng-customsuite.xml
at org.testng.internal.Parameters.createParams(Parameters.java:290)
at org.testng.internal.Parameters.createParametersForMethod(Parameters.java:359)
at org.testng.internal.Parameters.createParameters(Parameters.java:620)
at org.testng.internal.Parameters.handleParameters(Parameters.java:769)
at org.testng.internal.ParameterHandler.handleParameters(ParameterHandler.java:49)
at org.testng.internal.ParameterHandler.createParameters(ParameterHandler.java:37)
at org.testng.internal.Invoker.invokeTestMethods(Invoker.java:924)
at org.testng.internal.TestMethodWorker.invokeTestMethods(TestMethodWorker.java:125)
at org.testng.internal.TestMethodWorker.run(TestMethodWorker.java:109)
at org.testng.TestRunner.privateRun(TestRunner.java:648)
at org.testng.TestRunner.run(TestRunner.java:505)
at org.testng.SuiteRunner.runTest(SuiteRunner.java:455)
at org.testng.SuiteRunner.runSequentially(SuiteRunner.java:450)
at org.testng.SuiteRunner.privateRun(SuiteRunner.java:415)
at org.testng.SuiteRunner.run(SuiteRunner.java:364)
at org.testng.SuiteRunnerWorker.runSuite(SuiteRunnerWorker.java:52)
at org.testng.SuiteRunnerWorker.run(SuiteRunnerWorker.java:84)
at org.testng.TestNG.runSuitesSequentially(TestNG.java:1208)
at org.testng.TestNG.runSuitesLocally(TestNG.java:1137)
at org.testng.TestNG.runSuites(TestNG.java:1049)
at org.testng.TestNG.run(TestNG.java:1017)
at org.testng.remote.AbstractRemoteTestNG.run(AbstractRemoteTestNG.java:114)
at org.testng.remote.RemoteTestNG.initAndRun(RemoteTestNG.java:251)
at org.testng.remote.RemoteTestNG.main(RemoteTestNG.java:77)
]]>
    </failure>
  </testcase> <!-- signon -->
  <testcase classname="com.testng.practise.edurekhs.testNGGroup" name="logout" time="20.625"/>
  <testcase classname="com.testng.practise.edurekhs.testNGGroup" name="browsingAllCourses" time="44.462"/>
</testsuite> <!-- Default test -->
